Loading source files for package iiit...
Constructing Javadoc information...
Standard Doclet version 1.6.0_18
Building tree for all the packages and classes...
Generating doc\iiit/\HBonds.html...
Generating doc\iiit/\Topos.html...
Generating doc\iiit/\ToposDemo.html...
Generating doc\iiit/\package-frame.html...
Generating doc\iiit/\package-summary.html...
Generating doc\iiit/\package-tree.html...
Generating doc\constant-values.html...
Building index for all the packages and classes...
Generating doc\overview-tree.html...
Generating doc\index-all.html...
Generating doc\deprecated-list.html...
Building index for all classes...
Generating doc\allclasses-frame.html...
Generating doc\allclasses-noframe.html...
Generating doc\index.html...
Generating doc\help-doc.html...
Generating doc\stylesheet.css...
39 warnings
